Environment at start of build:
ALLUSERSPROFILE = C:\ProgramData
ANDROID_SDK_HOME = C:\Android
APPDATA = C:\Users\Gaurav\AppData\Roaming
CommonProgramFiles = C:\Program Files (x86)\Common Files
CommonProgramFiles(x86) = C:\Program Files (x86)\Common Files
CommonProgramW6432 = C:\Program Files\Common Files
COMPUTERNAME = DESKTOP-4EB3JHJ
ComSpec = C:\WINDOWS\system32\cmd.exe
DriverData = C:\Windows\System32\Drivers\DriverData
FPS_BROWSER_APP_PROFILE_STRING = Internet Explorer
FPS_BROWSER_USER_PROFILE_STRING = Default
HOMEDRIVE = C:
HOMEPATH = \Users\Gaurav
LOCALAPPDATA = C:\Users\Gaurav\AppData\Local
LOGONSERVER = \\DESKTOP-4EB3JHJ
MSBuildLoadMicrosoftTargetsReadOnly = true
NUMBER_OF_PROCESSORS = 4
OneDrive = C:\Users\Gaurav\OneDrive
OS = Windows_NT
Path = C:\WINDOWS\system32;C:\WINDOWS;C:\WINDOWS\System32\Wbem;C:\WINDOWS\System32\WindowsPowerShell\v1.0\;C:\Program Files\dotnet\;C:\Program Files\Microsoft SQL Server\130\Tools\Binn\;C:\Program Files\Microsoft SQL Server\Client SDK\ODBC\170\Tools\Binn\;C:\Program Files (x86)\IncrediBuild;C:\WINDOWS\System32\OpenSSH\;C:\Android;C:\Windows\System32;C:\Users\Gaurav\anaconda3;C:\Users\Gaurav\anaconda3\Library\mingw-w64\bin;C:\Users\Gaurav\anaconda3\Library\usr\bin;C:\Users\Gaurav\anaconda3\Library\bin;C:\Users\Gaurav\anaconda3\Scripts;C:\Users\Gaurav\AppData\Local\Microsoft\WindowsApps
PATHEXT = .COM;.EXE;.BAT;.CMD;.VBS;.VBE;.JS;.JSE;.WSF;.WSH;.MSC
PkgDefApplicationConfigFile = C:\Users\Gaurav\AppData\Local\Microsoft\VisualStudio\16.0_d6d9f434\devenv.exe.config
PROCESSOR_ARCHITECTURE = x86
PROCESSOR_ARCHITEW6432 = AMD64
PROCESSOR_IDENTIFIER = Intel64 Family 6 Model 42 Stepping 7, GenuineIntel
PROCESSOR_LEVEL = 6
PROCESSOR_REVISION = 2a07
ProgramData = C:\ProgramData
ProgramFiles = C:\Program Files (x86)
ProgramFiles(x86) = C:\Program Files (x86)
ProgramW6432 = C:\Program Files
PSModulePath = C:\Program Files\WindowsPowerShell\Modules;C:\WINDOWS\system32\WindowsPowerShell\v1.0\Modules
PUBLIC = C:\Users\Public
SystemDrive = C:
SystemRoot = C:\WINDOWS
TEMP = C:\Users\Gaurav\AppData\Local\Temp
TMP = C:\Users\Gaurav\AppData\Local\Temp
USERDOMAIN = DESKTOP-4EB3JHJ
USERDOMAIN_ROAMINGPROFILE = DESKTOP-4EB3JHJ
USERNAME = Gaurav
USERPROFILE = C:\Users\Gaurav
VBOX_MSI_INSTALL_PATH = D:\VirtualBox\
VisualStudioDir = C:\Users\Gaurav\Documents\Visual Studio 2019
VisualStudioEdition = Microsoft Visual Studio Enterprise 2019
VisualStudioVersion = 16.0
VS140COMNTOOLS = C:\Program Files (x86)\Microsoft Visual Studio 14.0\Common7\Tools\
VSAPPIDDIR = C:\Program Files (x86)\Microsoft Visual Studio\2019\Enterprise\Common7\IDE\
VSAPPIDNAME = devenv.exe
VSLANG = 1033
VSSKUEDITION = Enterprise
windir = C:\WINDOWS

  DogDoorSystem.cpp
  DogDoorSystem.vcxproj -> C:\Users\Gaurav\source\repos\DogDoorSystem\Debug\DogDoorSystem.exe

Project Performance Summary:
     6544 ms  C:\Users\Gaurav\source\repos\DogDoorSystem\DogDoorSystem.vcxproj   1 calls
               6544 ms  Build                                      1 calls

Target Performance Summary:
        0 ms  AfterResourceCompile                       1 calls
        0 ms  PrepareResourceNames                       1 calls
        0 ms  CreateCustomManifestResourceNames          1 calls
        0 ms  ComputeLinkInputsFromProject               1 calls
        0 ms  ComputeManifestGeneratedLinkerInputs       1 calls
        0 ms  ComputeRCOutputs                           1 calls
        0 ms  BeforeLink                                 1 calls
        0 ms  BuildCompile                               1 calls
        0 ms  _BuildCompileAction                        1 calls
        0 ms  AfterBuildCompileEvent                     1 calls
        0 ms  _ResourceCompile                           1 calls
        0 ms  BeforeResourceCompile                      1 calls
        0 ms  _ClCompile                                 1 calls
        0 ms  AfterClCompile                             1 calls
        0 ms  SelectClCompile                            1 calls
        0 ms  SelectCustomBuild                          1 calls
        0 ms  PreLinkEvent                               1 calls
        0 ms  BeforeClCompile                            1 calls
        0 ms  AfterLink                                  1 calls
        0 ms  _ALink                                     1 calls
        0 ms  AfterBuild                                 1 calls
        0 ms  BuildLink                                  1 calls
        0 ms  _BuildLinkAction                           1 calls
        0 ms  PrepareForRun                              1 calls
        0 ms  _CopySourceItemsToOutputDirectory          1 calls
        0 ms  GetCopyToOutputDirectoryItems              1 calls
        0 ms  _Deploy                                    1 calls
        0 ms  _Appverifier                               1 calls
        0 ms  CreateSatelliteAssemblies                  1 calls
        0 ms  _BscMake                                   1 calls
        0 ms  MakeDirsForBscMake                         1 calls
        0 ms  _XdcMake                                   1 calls
        0 ms  MakeDirsForXdcMake                         1 calls
        0 ms  ResolvedXDCMake                            1 calls
        0 ms  _Manifest                                  1 calls
        0 ms  _Link                                      1 calls
        0 ms  BuildGenerateSources                       1 calls
        0 ms  Build                                      1 calls
        0 ms  PreBuildEvent                              1 calls
        0 ms  _BuildGenerateSourcesAction                1 calls
        0 ms  AfterResolveReferences                     1 calls
        0 ms  GetResolvedWinMD                           1 calls
        0 ms  ResolveReferences                          1 calls
        0 ms  BuildGenerateSourcesTraverse               1 calls
        0 ms  BeforeBuildGenerateSources                 1 calls
        0 ms  ResolveSDKReferences                       1 calls
        0 ms  _SelectedFiles                             1 calls
        0 ms  PrepareProjectReferences                   1 calls
        0 ms  _Xsd                                       1 calls
        0 ms  ExpandSDKReferences                        1 calls
        0 ms  AfterBuildGenerateSourcesEvent             1 calls
        0 ms  AfterMidl                                  1 calls
        0 ms  _Midl                                      1 calls
        0 ms  AfterBuildGenerateSources                  1 calls
        0 ms  BeforeResolveReferences                    1 calls
        1 ms  _PrepareForReferenceResolution             1 calls
        1 ms  ComputeMIDLGeneratedCompileInputs          1 calls
        1 ms  BuildLinkTraverse                          1 calls
        1 ms  ComputeCustomBuildOutput                   1 calls
        1 ms  GetFrameworkPaths                          1 calls
        1 ms  ComputeCLCompileGeneratedSbrFiles          1 calls
        1 ms  FixupCLCompileOptions                      1 calls
        1 ms  WarnCompileDuplicatedFilename              1 calls
        1 ms  ComputeCLGeneratedLinkInputs               1 calls
        1 ms  GetReferenceAssemblyPaths                  1 calls
        1 ms  GetCopyToOutputDirectoryXamlAppDefs        1 calls
        1 ms  BuildCompileTraverse                       1 calls
        1 ms  MakeDirsForResourceCompile                 1 calls
        1 ms  SetCABuildNativeEnvironmentVariables       1 calls
        1 ms  ComputeCLOutputs                           1 calls
        1 ms  _CheckForCompileOutputs                    1 calls
        1 ms  _GenerateSatelliteAssemblyInputs           1 calls
        1 ms  PostBuildEvent                             1 calls
        1 ms  ComputeCLCompileGeneratedXDCFiles          1 calls
        1 ms  ComputeRCGeneratedLinkInputs               1 calls
        1 ms  MakeDirsForMidl                            1 calls
        1 ms  ResolveAssemblyReferences                  1 calls
        1 ms  RegisterOutput                             1 calls
        1 ms  _PrepareForBuild                           1 calls
        2 ms  ComputeLinkImportLibraryOutputsForClean    1 calls
        2 ms  DoLinkOutputFilesMatch                     1 calls
        2 ms  ComputeLegacyManifestEmbedding             1 calls
        2 ms  ResolveProjectReferences                   1 calls
        2 ms  MakeDirsForCl                              1 calls
        2 ms  _CheckWindowsSDKInstalled                  1 calls
        2 ms  ComputeManifestInputsTargets               1 calls
        3 ms  ComputeCLInputPDBName                      1 calls
        3 ms  _SplitProjectReferencesByFileExistence     1 calls
        3 ms  ComputeLinkSwitches                        1 calls
        3 ms  SplitResourcesByCulture                    1 calls
        3 ms  ComputeReferenceCLInput                    1 calls
        4 ms  CopyFileToFolders                          1 calls
        4 ms  SetTelemetryEnvironmentVariables           1 calls
        5 ms  FinalizeBuildStatus                        1 calls
        6 ms  SetBuildDefaultEnvironmentVariables        1 calls
        7 ms  MakeDirsForLink                            1 calls
        8 ms  _GetProjectReferenceTargetFrameworkProperties   1 calls
        8 ms  AssignProjectConfiguration                 1 calls
        9 ms  _HandlePackageFileConflicts                1 calls
       14 ms  _CheckForInvalidConfigurationAndPlatform   1 calls
       18 ms  PrepareForBuild                            1 calls
       25 ms  InitializeBuildStatus                      1 calls
       37 ms  CopyFilesToOutputDirectory                 1 calls
       45 ms  AssignTargetPaths                          1 calls
     2424 ms  Link                                       1 calls
     3847 ms  ClCompile                                  1 calls

Task Performance Summary:
        1 ms  Message                                    3 calls
        2 ms  MSBuild                                    1 calls
        2 ms  AssignCulture                              1 calls
        2 ms  Delete                                     1 calls
        3 ms  GetOutOfDateItems                          1 calls
        3 ms  AssignProjectConfiguration                 1 calls
        3 ms  WriteLinesToFile                           1 calls
        7 ms  MakeDir                                    9 calls
        8 ms  ResolvePackageFileConflicts                1 calls
        8 ms  ReadLinesFromFile                          1 calls
       10 ms  Touch                                      2 calls
       11 ms  SetEnv                                     8 calls
       35 ms  Copy                                       1 calls
       43 ms  AssignTargetPath                           5 calls
     2421 ms  Link                                       1 calls
     3844 ms  CL                                         1 calls
